<?xml version="1.0" encoding="UTF-8"?>
<!-- Generated by org.testng.reporters.JUnitReportReporter -->
<testsuite hostname="ST-PhuocVTT" failures="0" tests="1" name="com.vne.testcase.test" time="19.277" errors="0" timestamp="16 Nov 2022 09:22:25 GMT" skipped="0">
  <testcase classname="com.vne.testcase.test" name="case1" time="19.277"/>
</testsuite> <!-- com.vne.testcase.test -->
