<?xml version="1.0" encoding="UTF-8"?>
<!-- Generated by org.testng.reporters.JUnitReportReporter -->
<testsuite hostname="ST-PhuocVTT" failures="0" tests="1" name="testcase.HomePage" time="241.180" errors="0" timestamp="2022-08-16T09:28:15 ICT" skipped="0">
  <testcase classname="testcase.HomePage" name="clickPosts" time="241.180"/>
  <system-out/>
</testsuite> <!-- testcase.HomePage -->
