<?xml version="1.0" encoding="UTF-8"?>
<!-- Generated by org.testng.reporters.JUnitReportReporter -->
<testsuite hostname="ST-PhuocVTT" failures="0" tests="1" name="com.vne.testcase.DesktopApplication" time="12.083" errors="0" timestamp="16 Nov 2022 10:29:28 GMT" skipped="0">
  <testcase classname="com.vne.testcase.DesktopApplication" name="Addition" time="12.083"/>
</testsuite> <!-- com.vne.testcase.DesktopApplication -->
