<?xml version="1.0" encoding="UTF-8"?>
<!-- Generated by org.testng.reporters.JUnitReportReporter -->
<testsuite hostname="ST-PhuocVTT" failures="0" tests="1" name="com.vne.testcase.Login_Feature" time="35.078" errors="0" timestamp="03 Nov 2022 09:29:59 GMT" skipped="0">
  <testcase classname="com.vne.testcase.Login_Feature" name="Login_08_PullToRefreshPage" time="35.078"/>
</testsuite> <!-- com.vne.testcase.Login_Feature -->
