<?xml version="1.0" encoding="UTF-8"?>
<!-- Generated by org.testng.reporters.JUnitReportReporter -->
<testsuite hostname="ST-PhuocVTT" failures="0" tests="1" name="testcase.ConnectApp" time="2.209" errors="0" timestamp="2022-07-12T17:06:05 ICT" skipped="0">
  <testcase classname="testcase.ConnectApp" name="basicTest" time="2.209"/>
  <system-out/>
</testsuite> <!-- testcase.ConnectApp -->
